<?xml version="1.0" encoding="UTF-8"?>
<testsuite xmlns:xsi="http://www.w3.org/2001/XMLSchema-instance" xsi:noNamespaceSchemaLocation="https://maven.apache.org/surefire/maven-surefire-plugin/xsd/surefire-test-report.xsd" version="3.0.2" name="com.javabytest.Springdemo.SpringdemoApplicationTests" time="3.327" tests="1" errors="0" skipped="0" failures="0">
  <properties>
[...]
</properties>
  <testcase name="contextLoads" classname="com.javabytest.Springdemo.SpringdemoApplicationTests" time="1.11">
    <system-out><![CDATA[15:47:26.095 [main] INFO org.springframework.test.context.support.AnnotationConfigContextLoaderUtils -- Could not detect default configuration classes for test class [com.javabytest.Springdemo.SpringdemoApplicationTests]: SpringdemoApplicationTests does not declare any static, non-private, non-final, nested classes annotated with @Configuration.
15:47:26.239 [main] INFO org.springframework.boot.test.context.SpringBootTestContextBootstrapper -- Found @SpringBootConfiguration com.javabytest.Springdemo.SpringdemoApplication for test class com.javabytest.Springdemo.SpringdemoApplicationTests
15:47:26.456 [main] INFO org.springframework.boot.devtools.restart.RestartApplicationListener -- Restart disabled due to context in which it is running

  .   ____          _            __ _ _
 /\\ / ___'_ __ _ _(_)_ __  __ _ \ \ \ \
( ( )\___ | '_ | '_| | '_ \/ _` | \ \ \ \
 \\/  ___)| |_)| | | | | || (_| |  ) ) ) )
  '  |____| .__|_| |_|_| |_\__, | / / / /
 =========|_|==============|___/=/_/_/_/

 :: Spring Boot ::                (v3.5.7)

2025-10-31T15:47:26.763+07:00  INFO 13888 --- [Springdemo] [           main] c.j.S.SpringdemoApplicationTests         : Starting SpringdemoApplicationTests using Java 21.0.8 with PID 13888 (started by LC570251 in D:\Springdemo)
2025-10-31T15:47:26.765+07:00  INFO 13888 --- [Springdemo] [           main] c.j.S.SpringdemoApplicationTests         : No active profile set, falling back to 1 default profile: "default"
2025-10-31T15:47:27.743+07:00  INFO 13888 --- [Springdemo] [           main] o.s.b.a.w.s.WelcomePageHandlerMapping    : Adding welcome page: class path resource [static/index.html]
2025-10-31T15:47:28.129+07:00  INFO 13888 --- [Springdemo] [           main] c.j.S.SpringdemoApplicationTests         : Started SpringdemoApplicationTests in 1.69 seconds (process running for 3.011)
]]></system-out>
    <system-err><![CDATA[Mockito is currently self-attaching to enable the inline-mock-maker. This will no longer work in future releases of the JDK. Please add Mockito as an agent to your build as described in Mockito's documentation: https://javadoc.io/doc/org.mockito/mockito-core/latest/org.mockito/org/mockito/Mockito.html#0.3
WARNING: A Java agent has been loaded dynamically (C:\Users\LC570251\.m2\repository\net\bytebuddy\byte-buddy-agent\1.17.8\byte-buddy-agent-1.17.8.jar)
WARNING: If a serviceability tool is in use, please run with -XX:+EnableDynamicAgentLoading to hide this warning
WARNING: If a serviceability tool is not in use, please run with -Djdk.instrument.traceUsage for more information
WARNING: Dynamic loading of agents will be disallowed by default in a future release
]]></system-err>
  </testcase>
</testsuite>